G:\REALMODEL 2013.05.08 EGC\DEBUG\BLOCK.OBJ
G:\REALMODEL 2013.05.08 EGC\DEBUG\BUILD.OBJ
G:\RealModel 2013.05.08 EGC\Debug\cl.command.1.tlog
G:\RealModel 2013.05.08 EGC\Debug\CL.read.1.tlog
G:\RealModel 2013.05.08 EGC\Debug\CL.write.1.tlog
G:\REALMODEL 2013.05.08 EGC\DEBUG\CLASSVIEW.OBJ
G:\REALMODEL 2013.05.08 EGC\DEBUG\COLLIDE.OBJ
G:\REALMODEL 2013.05.08 EGC\DEBUG\CONVERT.OBJ
G:\REALMODEL 2013.05.08 EGC\DEBUG\CORDNT.OBJ
G:\REALMODEL 2013.05.08 EGC\DEBUG\COUNT.OBJ
G:\REALMODEL 2013.05.08 EGC\DEBUG\EARCUT.OBJ
G:\REALMODEL 2013.05.08 EGC\DEBUG\EARCUTSTL.OBJ
G:\REALMODEL 2013.05.08 EGC\DEBUG\EDGE.OBJ
G:\REALMODEL 2013.05.08 EGC\DEBUG\FILEVIEW.OBJ
G:\REALMODEL 2013.05.08 EGC\DEBUG\HEHD.OBJ
G:\REALMODEL 2013.05.08 EGC\DEBUG\INTERPOLATE.OBJ
G:\REALMODEL 2013.05.08 EGC\DEBUG\LINE.OBJ
G:\REALMODEL 2013.05.08 EGC\DEBUG\LOOP.OBJ
G:\REALMODEL 2013.05.08 EGC\DEBUG\MAINFRM.OBJ
G:\REALMODEL 2013.05.08 EGC\DEBUG\MODEL.OBJ
G:\REALMODEL 2013.05.08 EGC\DEBUG\MOLLER.OBJ
G:\REALMODEL 2013.05.08 EGC\DEBUG\MOLLEREGC.OBJ
G:\REALMODEL 2013.05.08 EGC\DEBUG\NODE.OBJ
G:\REALMODEL 2013.05.08 EGC\DEBUG\NOTEPADDLG.OBJ
G:\REALMODEL 2013.05.08 EGC\DEBUG\OCTREE.OBJ
G:\REALMODEL 2013.05.08 EGC\DEBUG\OCTREENODE.OBJ
G:\REALMODEL 2013.05.08 EGC\DEBUG\OPEN.OBJ
G:\REALMODEL 2013.05.08 EGC\DEBUG\OUTPUTWND.OBJ
G:\REALMODEL 2013.05.08 EGC\DEBUG\OVERLAP.OBJ
G:\REALMODEL 2013.05.08 EGC\DEBUG\PAIR.OBJ
G:\REALMODEL 2013.05.08 EGC\DEBUG\PLANE.OBJ
G:\REALMODEL 2013.05.08 EGC\DEBUG\PLINE.OBJ
G:\REALMODEL 2013.05.08 EGC\DEBUG\POHD.OBJ
G:\REALMODEL 2013.05.08 EGC\DEBUG\PROGRESSWND.OBJ
G:\REALMODEL 2013.05.08 EGC\DEBUG\PROP.OBJ
G:\REALMODEL 2013.05.08 EGC\DEBUG\PROPERTIESWND.OBJ
G:\REALMODEL 2013.05.08 EGC\DEBUG\PROPNEW.OBJ
G:\REALMODEL 2013.05.08 EGC\DEBUG\QUAD.OBJ
G:\REALMODEL 2013.05.08 EGC\DEBUG\RAPID.OBJ
G:\REALMODEL 2013.05.08 EGC\DEBUG\REALMODEL.PCH
G:\REALMODEL 2013.05.08 EGC\DEBUG\REALMODELDOC.OBJ
G:\REALMODEL 2013.05.08 EGC\DEBUG\RENDERVIEW.OBJ
G:\REALMODEL 2013.05.08 EGC\DEBUG\SAVE.OBJ
G:\REALMODEL 2013.05.08 EGC\DEBUG\STDAFX.OBJ
G:\REALMODEL 2013.05.08 EGC\DEBUG\SURF.OBJ
G:\REALMODEL 2013.05.08 EGC\DEBUG\TRGL.OBJ
G:\REALMODEL 2013.05.08 EGC\DEBUG\TRIANGLE .OBJ
G:\RealModel 2013.05.08 EGC\Debug\vc100.idb
G:\REALMODEL 2013.05.08 EGC\DEBUG\VC100.PDB
G:\REALMODEL 2013.05.08 EGC\DEBUG\VECTOR.OBJ
G:\REALMODEL 2013.05.08 EGC\DEBUG\VIEWPARA.OBJ
G:\REALMODEL 2013.05.08 EGC\DEBUG\VIEWTREE.OBJ
G:\REALMODEL 2013.05.08 EGC\DEBUG\ZOOMVIEW.OBJ
